#
# A fatal error has been detected by the Java Runtime Environment:
#
#  Internal Error (os_windows_x86.cpp:114), pid=4384, tid=1184
#  Error: guarantee(result == -1,"Unexpected result from topLevelExceptionFilter")
#
# JRE version: 6.0_17-b04
# Java VM: Java HotSpot(TM) 64-Bit Server VM (14.3-b01 mixed mode windows-amd64 )
# If you would like to submit a bug report, please visit:
#   http://java.sun.com/webapps/bugreport/crash.jsp
# The crash happened outside the Java Virtual Machine in native code.
# See problematic frame for where to report the bug.
#

---------------  T H R E A D  ---------------

Current thread (0x000000000f0cd000):  JavaThread "Thread-6" daemon [_thread_in_native, id=1184, stack(0x0000000008620000,0x00000000086a0000)]

Stack: [0x0000000008620000,0x00000000086a0000]
Java frames: (J=compiled Java code, j=interpreted, Vv=VM code)
j  com.mathworks.jmi.NativeMatlab.PostMatlabMessage(Ljava/lang/Object;J)V+0
j  com.mathworks.jmi.NativeMatlab.postMatlabMessage(Ljava/lang/Object;J)V+3
j  com.mathworks.jmi.NativeMatlab.postMatlabMessage(Ljava/lang/Object;)V+6
j  com.mathworks.jmi.MatlabLooper.postMatlabMessage(Lcom/mathworks/services/message/MWMessage;Lcom/mathworks/services/message/MWHandler;)V+30
j  com.mathworks.jmi.MatlabMCR.postMatlabMessage(Lcom/mathworks/services/message/MWMessage;Lcom/mathworks/services/message/MWHandler;)V+6
j  com.mathworks.jmi.MatlabMCR.evalNoOutput(Ljava/lang/String;Lcom/mathworks/jmi/CompletionObserver;)V+58
j  com.mathworks.toolbox.distcomp.pmode.DebugUtils$MatlabInterrupter.run()V+82
v  ~StubRoutines::call_stub

---------------  P R O C E S S  ---------------

Java Threads: ( => current thread )
=>0x000000000f0cd000 JavaThread "Thread-6" daemon [_thread_in_native, id=1184, stack(0x0000000008620000,0x00000000086a0000)]
  0x000000000d8e2800 JavaThread "FreeableDirectByteBuffer reference reaper" daemon [_thread_blocked, id=5652, stack(0x000000006c6c0000,0x000000006c740000)]
  0x000000000f1d9000 JavaThread "Thread-5" daemon [_thread_blocked, id=3348, stack(0x000000006ca20000,0x000000006caa0000)]
  0x000000000f1de000 JavaThread "CommGroup select thread com.mathworks.toolbox.distcomp.pmode.io.CommunicationGroup@6c0ec436" daemon [_thread_in_native, id=4256, stack(0x000000006c970000,0x000000006c9f0000)]
  0x000000000f0b7000 JavaThread "Thread-3" daemon [_thread_blocked, id=7884, stack(0x000000006c8f0000,0x000000006c970000)]
  0x000000000ef65800 JavaThread "LocalScheduler0" daemon [_thread_blocked, id=6088, stack(0x000000003c5e0000,0x000000003c660000)]
  0x000000000eed1000 JavaThread "AWT-Windows" daemon [_thread_in_native, id=2504, stack(0x0000000010f60000,0x0000000010fe0000)]
  0x000000000ee45000 JavaThread "Java2D Disposer" daemon [_thread_blocked, id=7280, stack(0x000000000fef0000,0x000000000ff70000)]
  0x000000000ea8b000 JavaThread "EventMgr Dispatcher" daemon [_thread_in_native, id=6952, stack(0x0000000008d30000,0x000000000cd30000)]
  0x000000000d93d800 JavaThread "Low Memory Detector" daemon [_thread_blocked, id=6092, stack(0x000000000de10000,0x000000000de90000)]
  0x000000000d93c000 JavaThread "CompilerThread1" daemon [_thread_blocked, id=7504, stack(0x0000000054ec0000,0x0000000058ec0000)]
  0x000000000d931800 JavaThread "CompilerThread0" daemon [_thread_blocked, id=7924, stack(0x0000000050d30000,0x0000000054d30000)]
  0x000000000d930000 JavaThread "Attach Listener" daemon [_thread_blocked, id=6348, stack(0x000000000da90000,0x000000000db10000)]
  0x000000000d8d8000 JavaThread "Finalizer" daemon [_thread_blocked, id=7232, stack(0x000000000dca0000,0x000000000dd20000)]
  0x000000000d8d1800 JavaThread "Reference Handler" daemon [_thread_blocked, id=5200, stack(0x000000000db30000,0x000000000dbb0000)]
  0x0000000005c24000 JavaThread "main" [_thread_in_native, id=5260, stack(0x0000000000080000,0x0000000004080000)]

Other Threads:
  0x0000000005cdd000 VMThread [stack: 0x000000004cd20000,0x0000000050d20000] [id=2764]
  0x000000000d9c3000 WatcherThread [stack: 0x00000000590b0000,0x000000005d0b0000] [id=6188]

VM state:not at safepoint (normal execution)

VM Mutex/Monitor currently owned by a thread: None

Heap
 PSYoungGen      total 14336K, used 5618K [0x00000000394c0000, 0x000000003aed0000, 0x000000003c5c0000)
  eden space 12288K, 29% used [0x00000000394c0000,0x0000000039840210,0x000000003a0c0000)
  from space 2048K, 99% used [0x000000003a0c0000,0x000000003a2bc778,0x000000003a2c0000)
  to   space 2048K, 0% used [0x000000003acd0000,0x000000003acd0000,0x000000003aed0000)
 PSOldGen        total 49152K, used 1305K [0x00000000301c0000, 0x00000000331c0000, 0x00000000394c0000)
  object space 49152K, 2% used [0x00000000301c0000,0x00000000303064c8,0x00000000331c0000)
 PSPermGen       total 32768K, used 13730K [0x00000000281c0000, 0x000000002a1c0000, 0x00000000301c0000)
  object space 32768K, 41% used [0x00000000281c0000,0x0000000028f28988,0x000000002a1c0000)

Dynamic libraries:
0x000000013ff60000 - 0x000000013ff8d000 	C:\Program Files\MATLAB\R2012b\bin\win64\MATLAB.exe
0x00000000774d0000 - 0x0000000077679000 	C:\Windows\SYSTEM32\ntdll.dll
0x0000000076f40000 - 0x000000007705f000 	C:\Windows\system32\kernel32.dll
0x000007fefcf00000 - 0x000007fefcf6c000 	C:\Windows\system32\KERNELBASE.dll
0x0000000074460000 - 0x000000007451f000 	C:\Program Files\MATLAB\R2012b\bin\win64\libut.dll
0x00000000758a0000 - 0x000000007595c000 	C:\Program Files\MATLAB\R2012b\bin\win64\libmwi18n.dll
0x0000000180000000 - 0x000000018000b000 	C:\Program Files\MATLAB\R2012b\bin\win64\libmwresource_core.dll
0x0000000070a90000 - 0x0000000070b63000 	C:\Windows\WinSxS\amd64_microsoft.vc90.crt_1fc8b3b9a1e18e3b_9.0.30729.6161_none_08e61857a83bc251\MSVCP90.dll
0x00000000722e0000 - 0x0000000072383000 	C:\Windows\WinSxS\amd64_microsoft.vc90.crt_1fc8b3b9a1e18e3b_9.0.30729.6161_none_08e61857a83bc251\MSVCR90.dll
0x000000007a170000 - 0x000000007a19c000 	C:\Program Files\MATLAB\R2012b\bin\win64\boost_filesystem-vc90-mt-1_44.dll
0x000000007a560000 - 0x000000007a569000 	C:\Program Files\MATLAB\R2012b\bin\win64\boost_system-vc90-mt-1_44.dll
0x000007fefe770000 - 0x000007fefe84b000 	C:\Windows\system32\ADVAPI32.dll
0x000007fefd170000 - 0x000007fefd20f000 	C:\Windows\system32\msvcrt.dll
0x000007fefea90000 - 0x000007fefeaaf000 	C:\Windows\SYSTEM32\sechost.dll
0x000007fefe960000 - 0x000007fefea8d000 	C:\Windows\system32\RPCRT4.dll
0x000000007a010000 - 0x000000007a035000 	C:\Program Files\MATLAB\R2012b\bin\win64\LIBEXPAT.dll
0x0000000071a40000 - 0x0000000071c31000 	C:\Program Files\MATLAB\R2012b\bin\win64\icuin44.dll
0x0000000071cc0000 - 0x0000000071e31000 	C:\Program Files\MATLAB\R2012b\bin\win64\icuuc44.dll
0x0000000010000000 - 0x0000000010e41000 	C:\Program Files\MATLAB\R2012b\bin\win64\icudt44.dll
0x0000000073f70000 - 0x000000007411d000 	C:\Program Files\MATLAB\R2012b\bin\win64\libmwfl.dll
0x0000000004250000 - 0x0000000004606000 	C:\Program Files\MATLAB\R2012b\bin\win64\libmwMATLAB_res.dll
0x000000007a3b0000 - 0x000000007a3c0000 	C:\Program Files\MATLAB\R2012b\bin\win64\boost_date_time-vc90-mt-1_44.dll
0x000000007a250000 - 0x000000007a263000 	C:\Program Files\MATLAB\R2012b\bin\win64\boost_signals-vc90-mt-1_44.dll
0x000000007a2d0000 - 0x000000007a2e2000 	C:\Program Files\MATLAB\R2012b\bin\win64\boost_thread-vc90-mt-1_44.dll
0x0000000004650000 - 0x000000000470d000 	C:\Program Files\MATLAB\R2012b\bin\win64\boost_log-vc90-mt-1_44.dll
0x0000000077690000 - 0x0000000077697000 	C:\Windows\system32\PSAPI.DLL
0x000007fefd700000 - 0x000007fefd74d000 	C:\Windows\system32\WS2_32.dll
0x000007fefd160000 - 0x000007fefd168000 	C:\Windows\system32\NSI.dll
0x0000000004720000 - 0x0000000004766000 	C:\Program Files\MATLAB\R2012b\bin\win64\tbb.dll
0x000007fefd140000 - 0x000007fefd159000 	C:\Windows\system32\imagehlp.dll
0x0000000074d00000 - 0x0000000074d13000 	C:\Program Files\MATLAB\R2012b\bin\win64\icuio44.dll
0x000007fefbcf0000 - 0x000007fefbe15000 	C:\Windows\system32\dbghelp.dll
0x00000000773d0000 - 0x00000000774ca000 	C:\Windows\system32\USER32.dll
0x000007fefeab0000 - 0x000007fefeb17000 	C:\Windows\system32\GDI32.dll
0x000007fefd9d0000 - 0x000007fefd9de000 	C:\Windows\system32\LPK.dll
0x000007fefd240000 - 0x000007fefd309000 	C:\Windows\system32\USP10.dll
0x0000000004790000 - 0x0000000004a6c000 	C:\Program Files\MATLAB\R2012b\bin\win64\libmwservices.dll
0x0000000075a20000 - 0x0000000075af3000 	C:\Program Files\MATLAB\R2012b\bin\win64\libmx.dll
0x0000000004a90000 - 0x0000000004ab9000 	C:\Program Files\MATLAB\R2012b\bin\win64\tbbmalloc.dll
0x000000007a210000 - 0x000000007a228000 	C:\Program Files\MATLAB\R2012b\bin\win64\zlib1.dll
0x0000000004ae0000 - 0x0000000004b2d000 	C:\Program Files\MATLAB\R2012b\bin\win64\libmwregexp.dll
0x0000000004b40000 - 0x0000000004b63000 	C:\Program Files\MATLAB\R2012b\bin\win64\libmwmfl_scalar.dll
0x0000000075f10000 - 0x0000000075f60000 	C:\Program Files\MATLAB\R2012b\bin\win64\mpath.dll
0x000000007b680000 - 0x000000007bc9a000 	C:\Program Files\MATLAB\R2012b\bin\win64\mlutil.dll
0x00000000754d0000 - 0x0000000075551000 	C:\Program Files\MATLAB\R2012b\bin\win64\xmlcore.dll
0x0000000004bb0000 - 0x0000000004e03000 	C:\Program Files\MATLAB\R2012b\bin\win64\xerces-c_2_7.dll
0x0000000004e20000 - 0x0000000004e40000 	C:\Program Files\MATLAB\R2012b\bin\win64\libmwMATLAB_settings_res.dll
0x0000000004e50000 - 0x0000000004e60000 	C:\Program Files\MATLAB\R2012b\bin\win64\boost_iostreams-vc90-mt-1_44.dll
0x0000000004e70000 - 0x0000000004eb7000 	C:\Program Files\MATLAB\R2012b\bin\win64\boost_serialization-vc90-mt-1_44.dll
0x000007fefd9e0000 - 0x000007fefe768000 	C:\Windows\system32\SHELL32.dll
0x000007fefd680000 - 0x000007fefd6f1000 	C:\Windows\system32\SHLWAPI.dll
0x000007fef2730000 - 0x000007fef27d0000 	C:\Windows\WinSxS\amd64_microsoft.windows.common-controls_6595b64144ccf1df_5.82.7601.17514_none_a4d6a923711520a9\COMCTL32.dll
0x000007fefeb20000 - 0x000007fefebb7000 	C:\Windows\system32\COMDLG32.dll
0x000007feface0000 - 0x000007fefacf6000 	C:\Windows\system32\NETAPI32.dll
0x000007fefacd0000 - 0x000007fefacdc000 	C:\Windows\system32\netutils.dll
0x000007fefc900000 - 0x000007fefc923000 	C:\Windows\system32\srvcli.dll
0x000007fefacb0000 - 0x000007fefacc5000 	C:\Windows\system32\wkscli.dll
0x000007fefd470000 - 0x000007fefd673000 	C:\Windows\system32\ole32.dll
0x000007fefd310000 - 0x000007fefd3e7000 	C:\Windows\system32\OLEAUT32.dll
0x0000000074970000 - 0x0000000074a31000 	C:\Program Files\MATLAB\R2012b\bin\win64\mcr.dll
0x0000000075000000 - 0x00000000753e9000 	C:\Program Files\MATLAB\R2012b\bin\win64\iqm.dll
0x0000000074e80000 - 0x0000000074f38000 	C:\Program Files\MATLAB\R2012b\bin\win64\m_dispatcher.dll
0x0000000074880000 - 0x000000007496d000 	C:\Program Files\MATLAB\R2012b\bin\win64\boost_regex-vc90-mt-1_44.dll
0x000007fef62e0000 - 0x000007fef6b51000 	C:\Program Files\MATLAB\R2012b\bin\win64\m_interpreter.dll
0x0000000074cd0000 - 0x0000000074cf7000 	C:\Program Files\MATLAB\R2012b\bin\win64\libmex.dll
0x00000000719b0000 - 0x0000000071a34000 	C:\Program Files\MATLAB\R2012b\bin\win64\profiler.dll
0x0000000004f40000 - 0x00000000051aa000 	C:\Program Files\MATLAB\R2012b\bin\win64\libmwmathutil.dll
0x0000000079f40000 - 0x0000000079f6e000 	C:\Program Files\MATLAB\R2012b\bin\win64\libmwmathrng.dll
0x00000000051d0000 - 0x00000000051e2000 	C:\Program Files\MATLAB\R2012b\bin\win64\libmwmfl_rng.dll
0x0000000005200000 - 0x00000000052de000 	C:\Program Files\MATLAB\R2012b\bin\win64\libmwmathcore.dll
0x0000000076160000 - 0x00000000761ca000 	C:\Program Files\MATLAB\R2012b\bin\win64\libmwspmatrix.dll
0x0000000075ea0000 - 0x0000000075f02000 	C:\Program Files\MATLAB\R2012b\bin\win64\libmwcholmod.dll
0x000000007a460000 - 0x000000007a46d000 	C:\Program Files\MATLAB\R2012b\bin\win64\libmwamd.dll
0x000000007a4b0000 - 0x000000007a4bc000 	C:\Program Files\MATLAB\R2012b\bin\win64\libmwcolamd.dll
0x000000007a290000 - 0x000000007a2a9000 	C:\Program Files\MATLAB\R2012b\bin\win64\libmwblas.dll
0x000000007a310000 - 0x000000007a321000 	C:\Program Files\MATLAB\R2012b\bin\win64\libmwbinder.dll
0x000000007a4d0000 - 0x000000007a4dc000 	C:\Program Files\MATLAB\R2012b\bin\win64\libmwompwrapper.dll
0x0000000005360000 - 0x00000000053e5000 	C:\Program Files\MATLAB\R2012b\bin\win64\libmwlapack.dll
0x0000000071c90000 - 0x0000000071cb1000 	C:\Program Files\MATLAB\R2012b\bin\win64\m_pcodeio.dll
0x0000000079b10000 - 0x0000000079b77000 	C:\Program Files\MATLAB\R2012b\bin\win64\m_ir.dll
0x000000006be80000 - 0x000000006c4f0000 	C:\Program Files\MATLAB\R2012b\bin\win64\m_parser.dll
0x0000000074d20000 - 0x0000000074d3a000 	C:\Program Files\MATLAB\R2012b\bin\win64\ir_xfmr.dll
0x000007fef81d0000 - 0x000007fef8466000 	C:\Program Files\MATLAB\R2012b\bin\win64\mcos.dll
0x0000000073990000 - 0x00000000739a1000 	C:\Program Files\MATLAB\R2012b\bin\win64\mtok.dll
0x0000000071c50000 - 0x0000000071c81000 	C:\Program Files\MATLAB\R2012b\bin\win64\m_pcodegen.dll
0x0000000079fb0000 - 0x0000000079fe6000 	C:\Program Files\MATLAB\R2012b\bin\win64\libmwbridge.dll
0x000000006ecb0000 - 0x000000006ed78000 	C:\Program Files\MATLAB\R2012b\bin\win64\udd.dll
0x000000006e730000 - 0x000000006e882000 	C:\Program Files\MATLAB\R2012b\bin\win64\libmwgui.dll
0x0000000071200000 - 0x0000000071217000 	C:\Program Files\MATLAB\R2012b\bin\win64\graphics_util.dll
0x0000000068fc0000 - 0x0000000069a1f000 	C:\Program Files\MATLAB\R2012b\bin\win64\hg.dll
0x00000000054c0000 - 0x0000000005528000 	C:\Program Files\MATLAB\R2012b\bin\win64\libmat.dll
0x0000000072d30000 - 0x0000000072f44000 	C:\Program Files\MATLAB\R2012b\bin\win64\hdf5dll.dll
0x0000000075710000 - 0x00000000757de000 	C:\Program Files\MATLAB\R2012b\bin\win64\jmi.dll
0x0000000005560000 - 0x000000000556d000 	C:\Program Files\MATLAB\R2012b\bin\win64\nativejava_services.dll
0x00000000711b0000 - 0x00000000711f6000 	C:\Program Files\MATLAB\R2012b\bin\win64\libmwhardcopy.dll
0x0000000070fc0000 - 0x0000000071023000 	C:\Program Files\MATLAB\R2012b\bin\win64\libuij.dll
0x000000006dd70000 - 0x000000006dfd4000 	C:\Program Files\MATLAB\R2012b\bin\win64\hgdatatypes.dll
0x000000006eb90000 - 0x000000006ecaf000 	C:\Program Files\MATLAB\R2012b\bin\win64\hgutils.dll
0x0000000070f00000 - 0x0000000070fc0000 	C:\Program Files\MATLAB\R2012b\bin\win64\udd_mi.dll
0x00000000055d0000 - 0x000000000560b000 	C:\Program Files\MATLAB\R2012b\bin\win64\libmwgbtutils.dll
0x0000000005620000 - 0x000000000563b000 	C:\Program Files\MATLAB\R2012b\bin\win64\libmwgbt.dll
0x0000000005650000 - 0x0000000005921000 	C:\Program Files\MATLAB\R2012b\bin\win64\uiw.dll
0x0000000073980000 - 0x000000007398f000 	C:\Program Files\MATLAB\R2012b\bin\win64\uinone.dll
0x0000000005950000 - 0x0000000005979000 	C:\Program Files\MATLAB\R2012b\bin\win64\libmwnativefiledialogs.dll
0x0000000005990000 - 0x0000000005998000 	C:\Program Files\MATLAB\R2012b\bin\win64\libmwplatform_res.dll
0x000007fef9180000 - 0x000007fef9198000 	C:\Windows\system32\MPR.dll
0x000000006d5a0000 - 0x000000006da84000 	C:\Windows\WinSxS\amd64_microsoft.vc90.mfc_1fc8b3b9a1e18e3b_9.0.30729.6161_none_044aad0bab1eb146\mfc90.dll
0x000007fef9a00000 - 0x000007fef9a07000 	C:\Windows\system32\MSIMG32.dll
0x000007fef2dd0000 - 0x000007fef2e41000 	C:\Windows\system32\WINSPOOL.DRV
0x0000000070e80000 - 0x0000000070ea2000 	C:\Program Files\MATLAB\R2012b\bin\win64\mwoles05.DLL
0x000000006fb80000 - 0x000000006fbfd000 	C:\Program Files\MATLAB\R2012b\bin\win64\comcli.dll
0x0000000070790000 - 0x00000000707bf000 	C:\Windows\WinSxS\amd64_microsoft.vc90.atl_1fc8b3b9a1e18e3b_9.0.30729.6161_none_0a1fd3a3a768b895\ATL90.DLL
0x0000000071c40000 - 0x0000000071c4c000 	C:\Program Files\MATLAB\R2012b\bin\win64\mlautoregister.dll
0x000007fefd210000 - 0x000007fefd23e000 	C:\Windows\system32\IMM32.DLL
0x000007fefe850000 - 0x000007fefe959000 	C:\Windows\system32\MSCTF.dll
0x000007fefb620000 - 0x000007fefb676000 	C:\Windows\system32\UxTheme.dll
0x000007fefb1f0000 - 0x000007fefb208000 	C:\Windows\system32\dwmapi.dll
0x0000000070ef0000 - 0x0000000070eff000 	C:\Windows\WinSxS\amd64_microsoft.vc90.mfcloc_1fc8b3b9a1e18e3b_9.0.30729.6161_none_01c9581e60cbee58\MFC90ESN.DLL
0x0000000078870000 - 0x0000000078ecd000 	C:\Program Files\MATLAB\R2012b\sys\java\jre\win64\jre\bin\server\jvm.dll
0x000007fefa430000 - 0x000007fefa46b000 	C:\Windows\system32\WINMM.dll
0x000007fefcd10000 - 0x000007fefcd1f000 	C:\Windows\system32\profapi.dll
0x000007fefa950000 - 0x000007fefa965000 	C:\Windows\system32\NLAapi.dll
0x000007fef0010000 - 0x000007fef0025000 	C:\Windows\system32\napinsp.dll
0x000007feeff00000 - 0x000007feeff19000 	C:\Windows\system32\pnrpnsp.dll
0x00000000723b0000 - 0x00000000723d6000 	C:\Program Files\Bonjour\mdnsNSP.dll
0x000007fefa4c0000 - 0x000007fefa4e7000 	C:\Windows\system32\Iphlpapi.DLL
0x000007fefa420000 - 0x000007fefa42b000 	C:\Windows\system32\WINNSI.DLL
0x000007fefc540000 - 0x000007fefc595000 	C:\Windows\System32\mswsock.dll

VM Arguments:
jvm_args: -Xss512k -XX:PermSize=32m -Xms64m -XX:NewRatio=3 -XX:MaxPermSize=128m -Xmx196m -XX:MaxDirectMemorySize=2147400000 -Dsun.java2d.noddraw=true -Dsun.awt.nopixfmt=true -Xshare:off -Xrs -Dsun.awt.disableMixing=true -Djava.library.path=C:\Program Files\MATLAB\R2012b\bin\win64;C:\Program Files\MATLAB\R2012b\sys\jxbrowser\win64\lib vfprintf abort -Djava.awt.headless=true -Xrs 
java_command: <unknown>
Launcher Type: generic

Environment Variables:
PATH=C:\Program Files (x86)\Haskell\bin;C:\Program Files (x86)\Haskell Platform\2012.2.0.0\lib\extralibs\bin;C:\Program Files (x86)\Haskell Platform\2012.2.0.0\bin;C:\Program Files (x86)\AMD APP\bin\x86_64;C:\Program Files (x86)\AMD APP\bin\x86;C:\Program Files (x86)\NVIDIA Corporation\PhysX\Common;C:\Windows\system32;C:\Windows;C:\Windows\System32\Wbem;C:\Windows\System32\WindowsPowerShell\v1.0\;C:\Program Files (x86)\ATI Technologies\ATI.ACE\Core-Static;C:\Program Files (x86)\Autodesk\Backburner\;C:\Program Files\Common Files\Autodesk Shared\;D:\Program Files\Java\jdk1.6.0_25\bin;C:\mingw64\bin;C:\FPC\2.6.0\bin\i386-Win32;C:\Program Files (x86)\MiKTeX 2.9\miktex\bin\;C:\Python27;C:\MinGW\bin;C:\Program Files\MiKTeX 2.9\miktex\bin\x64\;C:\Program Files\Microsoft SQL Server\110\Tools\Binn\;C:\Program Files (x86)\Microsoft SQL Server\110\Tools\Binn\ManagementStudio\;C:\Program Files (x86)\Microsoft SQL Server\110\Tools\Binn\;C:\Program Files (x86)\Microsoft SQL Server\110\DTS\Binn\;C:\Program Files\Microsoft SQL Server\110\DTS\Binn\;C:\Python27\Scripts;C:\OpenSSL-Win64\bin;C:\Program Files\MATLAB\R2012b\runtime\win64;C:\Program Files\MATLAB\R2012b\bin;C:\Program Files\Microsoft Windows Performance Toolkit\;D:\Program Files\ATI Technologies\ATI.ACE\Core-Static;C:\Program Files\Microsoft\Web Platform Installer\;C:\Program Files (x86)\Microsoft ASP.NET\ASP.NET Web Pages\v1.0\;C:\Program Files (x86)\Windows Kits\8.0\Windows Performance Toolkit\;C:\Program Files\TortoiseSVN\bin;C:\Program Files (x86)\QuickTime\QTSystem\;0X0.000000P-1022NT_HOME\bin;JAVA_HOME\bin;C:\Users\Martín\AppData\Roaming\cabal\bin
USERNAME=Martín
OS=Windows_NT
PROCESSOR_IDENTIFIER=AMD64 Family 16 Model 4 Stepping 3, AuthenticAMD



---------------  S Y S T E M  ---------------

OS: Windows 7 Build 7601 Service Pack 1

CPU:total 4 (4 cores per cpu, 1 threads per core) family 16 model 4 stepping 3, cmov, cx8, fxsr, mmx, sse, sse2, sse3, mmxext, 3dnow, 3dnowext, sse4a

Memory: 4k page, physical 8386744k(709228k free), swap 33545116k(2628k free)

vm_info: Java HotSpot(TM) 64-Bit Server VM (14.3-b01) for windows-amd64 JRE (1.6.0_17-b04), built on Oct 11 2009 00:46:08 by "java_re" with MS VC++ 8.0

time: Mon Aug 26 05:03:14 2013
elapsed time: 9215 seconds

